{
  "RSpec": {
    "coverage": {
      "/Users/sallymae/Turing/Module_4/projects/goober/app/helpers/application_helper.rb": [
        1,
        1,
        8,
        null,
        null
      ],
      "/Users/sallymae/Turing/Module_4/projects/goober/app/models/user.rb": [
        1,
        1,
        1,
        1,
        1,
        1,
        48,
        48,
        95,
        null,
        1,
        36,
        null,
        null,
        1,
        13,
        7,
        null,
        null,
        null,
        1,
        7,
        null,
        null,
        1,
        20,
        13,
        null,
        7,
        null,
        null,
        null
      ],
      "/Users/sallymae/Turing/Module_4/projects/goober/app/models/ride_details.rb": [
        1,
        1,
        1,
        8,
        null,
        null,
        1,
        4,
        null,
        null,
        1,
        4,
        null,
        null,
        null
      ],
      "/Users/sallymae/Turing/Module_4/projects/goober/app/models/ride.rb": [
        1,
        1,
        1,
        1,
        null,
        null
      ],
      "/Users/sallymae/Turing/Module_4/projects/goober/app/controllers/home_controller.rb": [
        1,
        1,
        null,
        null,
        1,
        0,
        null,
        null
      ],
      "/Users/sallymae/Turing/Module_4/projects/goober/app/controllers/application_controller.rb": [
        1,
        null,
        null,
        1,
        null,
        1,
        null,
        1,
        240,
        null,
        null,
        1,
        9,
        null,
        null,
        null,
        null
      ],
      "/Users/sallymae/Turing/Module_4/projects/goober/app/controllers/sessions_controller.rb": [
        1,
        1,
        null,
        null,
        1,
        8,
        8,
        7,
        7,
        4,
        null,
        3,
        null,
        null,
        1,
        1,
        null,
        null,
        null,
        1,
        2,
        2,
        null,
        null,
        null
      ],
      "/Users/sallymae/Turing/Module_4/projects/goober/app/controllers/riders_controller.rb": [
        1,
        1,
        1,
        null,
        1,
        2,
        null,
        null,
        1,
        13,
        13,
        13,
        null,
        null,
        1,
        2,
        2,
        2,
        1,
        1,
        null,
        1,
        1,
        null,
        null,
        null,
        1,
        null,
        1,
        2,
        null,
        null,
        null,
        null,
        null,
        null,
        1,
        13,
        0,
        null,
        null,
        null,
        1,
        13,
        0,
        null,
        null,
        null,
        null
      ],
      "/Users/sallymae/Turing/Module_4/projects/goober/app/controllers/rides_controller.rb": [
        1,
        1,
        3,
        null,
        null,
        1,
        3,
        3,
        3,
        3,
        3,
        3,
        null,
        0,
        0,
        null,
        null,
        null,
        1,
        3,
        3,
        1,
        null,
        null,
        null,
        1,
        null,
        null,
        1,
        null,
        null,
        3,
        null,
        null,
        1,
        null,
        1,
        3,
        null,
        null
      ],
      "/Users/sallymae/Turing/Module_4/projects/goober/app/controllers/drivers_controller.rb": [
        1,
        1,
        1,
        1,
        2,
        null,
        null,
        1,
        7,
        7,
        null,
        null,
        1,
        2,
        2,
        2,
        1,
        1,
        null,
        1,
        1,
        null,
        null,
        null,
        1,
        null,
        1,
        2,
        null,
        null,
        null,
        1,
        7,
        0,
        null,
        null,
        null,
        1,
        7,
        0,
        null,
        null,
        null
      ]
    },
    "timestamp": 1443638256
  }
}
